0 info it worked if it ends with ok
1 verbose cli [ 'node', '/usr/local/bin/npm', 'install', 'request', '--save' ]
2 info using npm@1.4.28
3 info using node@v0.10.35
4 verbose readDependencies using package.json deps
5 verbose cache add [ 'request', null ]
6 verbose cache add name=undefined spec="request" args=["request",null]
7 verbose parsed url { protocol: null,
7 verbose parsed url   slashes: null,
7 verbose parsed url   auth: null,
7 verbose parsed url   host: null,
7 verbose parsed url   port: null,
7 verbose parsed url   hostname: null,
7 verbose parsed url   hash: null,
7 verbose parsed url   search: null,
7 verbose parsed url   query: null,
7 verbose parsed url   pathname: 'request',
7 verbose parsed url   path: 'request',
7 verbose parsed url   href: 'request' }
8 silly lockFile 088e29b0-request request
9 verbose lock request /Users/caue/.npm/088e29b0-request.lock
10 silly lockFile 088e29b0-request request
11 silly lockFile 088e29b0-request request
12 verbose addNamed [ 'request', '' ]
13 verbose addNamed [ null, '*' ]
14 silly lockFile 9d461bcf-request request@
15 verbose lock request@ /Users/caue/.npm/9d461bcf-request.lock
16 silly addNameRange { name: 'request', range: '*', hasData: false }
17 verbose request where is /request
18 verbose request registry https://registry.npmjs.org/
19 verbose request id 5090027fd2b3d4a0
20 verbose url raw /request
21 verbose url resolving [ 'https://registry.npmjs.org/', './request' ]
22 verbose url resolved https://registry.npmjs.org/request
23 verbose request where is https://registry.npmjs.org/request
24 info trying registry request attempt 1 at 18:19:49
25 verbose etag "1LYNASWBYPBC9MRL4IGKGE0W5"
26 http GET https://registry.npmjs.org/request
27 http 200 https://registry.npmjs.org/request
28 silly registry.get cb [ 200,
28 silly registry.get   { server: 'CouchDB/1.5.0 (Erlang OTP/R16B03)',
28 silly registry.get     etag: '"2GGA6ZW77K1PMTYX9W4LZLPX6"',
28 silly registry.get     'content-type': 'application/json',
28 silly registry.get     'cache-control': 'max-age=60',
28 silly registry.get     'content-length': '160878',
28 silly registry.get     'accept-ranges': 'bytes',
28 silly registry.get     date: 'Sun, 02 Aug 2015 21:19:53 GMT',
28 silly registry.get     via: '1.1 varnish',
28 silly registry.get     age: '26',
28 silly registry.get     connection: 'keep-alive',
28 silly registry.get     'x-served-by': 'cache-jfk1023-JFK',
28 silly registry.get     'x-cache': 'HIT',
28 silly registry.get     'x-cache-hits': '2',
28 silly registry.get     'x-timer': 'S1438550393.635902,VS0,VE0',
28 silly registry.get     vary: 'Accept' } ]
29 silly addNameRange number 2 { name: 'request', range: '*', hasData: true }
30 silly addNameRange versions [ 'request',
30 silly addNameRange   [ '0.10.0',
30 silly addNameRange     '0.8.3',
30 silly addNameRange     '0.9.0',
30 silly addNameRange     '0.9.1',
30 silly addNameRange     '0.9.5',
30 silly addNameRange     '1.0.0',
30 silly addNameRange     '1.1.0',
30 silly addNameRange     '1.1.1',
30 silly addNameRange     '1.2.0',
30 silly addNameRange     '1.9.0',
30 silly addNameRange     '1.9.1',
30 silly addNameRange     '1.9.2',
30 silly addNameRange     '1.9.3',
30 silly addNameRange     '1.9.5',
30 silly addNameRange     '1.9.7',
30 silly addNameRange     '1.9.8',
30 silly addNameRange     '1.9.9',
30 silly addNameRange     '2.0.0',
30 silly addNameRange     '2.0.1',
30 silly addNameRange     '2.0.2',
30 silly addNameRange     '2.0.3',
30 silly addNameRange     '2.0.4',
30 silly addNameRange     '2.0.5',
30 silly addNameRange     '2.1.0',
30 silly addNameRange     '2.1.1',
30 silly addNameRange     '2.2.0',
30 silly addNameRange     '2.2.5',
30 silly addNameRange     '2.2.6',
30 silly addNameRange     '2.2.9',
30 silly addNameRange     '2.9.0',
30 silly addNameRange     '2.9.1',
30 silly addNameRange     '2.9.2',
30 silly addNameRange     '2.9.3',
30 silly addNameRange     '2.9.100',
30 silly addNameRange     '2.9.150',
30 silly addNameRange     '2.9.151',
30 silly addNameRange     '2.9.152',
30 silly addNameRange     '2.9.153',
30 silly addNameRange     '2.9.200',
30 silly addNameRange     '2.9.201',
30 silly addNameRange     '2.9.202',
30 silly addNameRange     '2.9.203',
30 silly addNameRange     '2.10.0',
30 silly addNameRange     '2.11.0',
30 silly addNameRange     '2.11.1',
30 silly addNameRange     '2.11.2',
30 silly addNameRange     '2.11.3',
30 silly addNameRange     '2.11.4',
30 silly addNameRange     '2.12.0',
30 silly addNameRange     '2.14.0',
30 silly addNameRange     '2.16.0',
30 silly addNameRange     '2.16.2',
30 silly addNameRange     '2.16.4',
30 silly addNameRange     '2.16.6',
30 silly addNameRange     '2.18.0',
30 silly addNameRange     '2.19.0',
30 silly addNameRange     '2.20.0',
30 silly addNameRange     '2.21.0',
30 silly addNameRange     '2.22.0',
30 silly addNameRange     '2.23.0',
30 silly addNameRange     '2.24.0',
30 silly addNameRange     '2.25.0',
30 silly addNameRange     '2.26.0',
30 silly addNameRange     '2.27.0',
30 silly addNameRange     '2.28.0',
30 silly addNameRange     '2.29.0',
30 silly addNameRange     '2.30.0',
30 silly addNameRange     '2.31.0',
30 silly addNameRange     '2.32.0',
30 silly addNameRange     '2.33.0',
30 silly addNameRange     '2.34.0',
30 silly addNameRange     '2.35.0',
30 silly addNameRange     '2.36.0',
30 silly addNameRange     '2.37.0',
30 silly addNameRange     '2.38.0',
30 silly addNameRange     '2.39.0',
30 silly addNameRange     '2.40.0',
30 silly addNameRange     '2.41.0',
30 silly addNameRange     '2.42.0',
30 silly addNameRange     '2.43.0',
30 silly addNameRange     '2.44.0',
30 silly addNameRange     '2.45.0',
30 silly addNameRange     '2.46.0',
30 silly addNameRange     '2.47.0',
30 silly addNameRange     '2.48.0',
30 silly addNameRange     '2.49.0',
30 silly addNameRange     '2.50.0',
30 silly addNameRange     '2.51.0',
30 silly addNameRange     '2.52.0',
30 silly addNameRange     '2.53.0',
30 silly addNameRange     '2.54.0',
30 silly addNameRange     '2.55.0',
30 silly addNameRange     '2.56.0',
30 silly addNameRange     '2.57.0',
30 silly addNameRange     '2.58.0',
30 silly addNameRange     '2.59.0',
30 silly addNameRange     '2.60.0' ] ]
31 verbose addNamed [ 'request', '2.60.0' ]
32 verbose addNamed [ '2.60.0', '2.60.0' ]
33 silly lockFile 85184b9c-request-2-60-0 request@2.60.0
34 verbose lock request@2.60.0 /Users/caue/.npm/85184b9c-request-2-60-0.lock
35 silly lockFile c269e860-s-org-request-request-2-60-0-tgz https://registry.npmjs.org/request/-/request-2.60.0.tgz
36 verbose lock https://registry.npmjs.org/request/-/request-2.60.0.tgz /Users/caue/.npm/c269e860-s-org-request-request-2-60-0-tgz.lock
37 verbose addRemoteTarball [ 'https://registry.npmjs.org/request/-/request-2.60.0.tgz',
37 verbose addRemoteTarball   '498820957fcdded1d37749069610c85f61a29f2d' ]
38 info retry fetch attempt 1 at 18:19:55
39 verbose fetch to= /var/folders/s1/6m8r_6b50mg9t87g5kpnzszr0000gq/T/npm-74279-ehN2Hz06/registry.npmjs.org/request/-/request-2.60.0.tgz
40 http GET https://registry.npmjs.org/request/-/request-2.60.0.tgz
41 http 200 https://registry.npmjs.org/request/-/request-2.60.0.tgz
42 silly lockFile c269e860-s-org-request-request-2-60-0-tgz https://registry.npmjs.org/request/-/request-2.60.0.tgz
43 silly lockFile c269e860-s-org-request-request-2-60-0-tgz https://registry.npmjs.org/request/-/request-2.60.0.tgz
44 silly lockFile 85184b9c-request-2-60-0 request@2.60.0
45 silly lockFile 85184b9c-request-2-60-0 request@2.60.0
46 silly lockFile 9d461bcf-request request@
47 silly lockFile 9d461bcf-request request@
48 error Error: EACCES, mkdir '/Users/caue/.npm/request/2.60.0'
48 error  { [Error: EACCES, mkdir '/Users/caue/.npm/request/2.60.0']
48 error   errno: 3,
48 error   code: 'EACCES',
48 error   path: '/Users/caue/.npm/request/2.60.0',
48 error   parent: 'basiux' }
49 error Please try running this command again as root/Administrator.
50 error System Darwin 14.4.0
51 error command "node" "/usr/local/bin/npm" "install" "request" "--save"
52 error cwd /Users/caue/Documents/GitHub/basiux
53 error node -v v0.10.35
54 error npm -v 1.4.28
55 error path /Users/caue/.npm/request/2.60.0
56 error code EACCES
57 error errno 3
58 error stack Error: EACCES, mkdir '/Users/caue/.npm/request/2.60.0'
59 verbose exit [ 3, true ]
